[16:55:12.154] [INFO] Checking the health of your Storybook..
[16:55:12.155] [DEBUG] Getting Storybook info...
[16:55:12.157] [DEBUG] Loading main config...
[16:55:12.311] [DEBUG] Getting stories paths...
[16:55:12.318] [DEBUG] Getting package manager...
[16:55:12.565] [DEBUG] Getting Storybook version...
[16:55:13.732] [DEBUG] An issue occurred while trying to find dependencies metadata using npm.
[16:55:13.732] [WARN] .storybook: 1 issue found
[16:55:13.733] [INFO] You are currently using Storybook 10.0.7 but you have packages which are incompatible with it:

- @storybook/addon-essentials@8.6.14 which depends on 8.6.14
 Repo: https://github.com/storybookjs/storybook/tree/next/code/addons/essentials
- @storybook/addon-interactions@8.6.14 which depends on 8.6.14
 Repo: https://github.com/storybookjs/storybook/tree/next/code/addons/interactions
- @storybook/test@8.6.14 which depends on 8.6.14
 Repo: https://github.com/storybookjs/storybook/tree/next/code/lib/test

Please consider updating your packages or contacting the maintainers for compatibility details.

For more on Storybook 9 compatibility, see the linked GitHub issue:
https://github.com/storybookjs/storybook/issues/30944
[16:55:13.736] [INFO] Storybook doctor is complete!
[16:55:13.736] [INFO] You can always recheck the health of your project(s) by running:
npx storybook doctor